2026-07-13 20:25:30 - main - INFO - Initializing database tables...
2026-07-13 20:25:30 - main - INFO - Database tables initialized successfully
2026-07-13 20:25:30 - main - INFO - FastAPI application created: Shelf - Personal library tracker
2026-07-13 20:25:30 - main - INFO - All API routes registered successfully
2026-07-13 20:25:30 - main - INFO - React frontend found at /Users/benbarlow/projects/shelf/shelf-client/dist, mounting static files
2026-07-13 20:25:44 - main - INFO - Initializing database tables...
2026-07-13 20:25:44 - main - INFO - Database tables initialized successfully
2026-07-13 20:25:44 - main - INFO - FastAPI application created: Shelf - Personal library tracker
2026-07-13 20:25:44 - main - INFO - All API routes registered successfully
2026-07-13 20:25:44 - main - INFO - React frontend found at /Users/benbarlow/projects/shelf/shelf-client/dist, mounting static files
2026-07-13 20:25:57 - main - INFO - Initializing database tables...
2026-07-13 20:25:57 - main - INFO - Database tables initialized successfully
2026-07-13 20:25:57 - main - INFO - FastAPI application created: Shelf - Personal library tracker
2026-07-13 20:25:57 - main - INFO - All API routes registered successfully
2026-07-13 20:25:57 - main - INFO - React frontend found at /Users/benbarlow/projects/shelf/shelf-client/dist, mounting static files
2026-07-13 20:26:08 - main - INFO - Initializing database tables...
2026-07-13 20:26:08 - main - INFO - Database tables initialized successfully
2026-07-13 20:26:08 - main - INFO - FastAPI application created: Shelf - Personal library tracker
2026-07-13 20:26:08 - main - INFO - All API routes registered successfully
2026-07-13 20:26:08 - main - INFO - React frontend found at /Users/benbarlow/projects/shelf/shelf-client/dist, mounting static files
2026-07-13 20:26:18 - database - INFO - Initializing database engine with URL: sqlite:///./shelf.db
2026-07-13 20:26:18 - main - INFO - Initializing database tables...
2026-07-13 20:26:18 - main - INFO - Database tables initialized successfully
2026-07-13 20:26:18 - main - INFO - FastAPI application created: Shelf - Personal library tracker
2026-07-13 20:26:18 - main - INFO - All API routes registered successfully
2026-07-13 20:26:18 - main - INFO - React frontend found at /Users/benbarlow/projects/shelf/shelf-client/dist, mounting static files
2026-07-13 20:26:57 - routers.books - INFO - Fetching all books
2026-07-13 20:26:57 - routers.films - INFO - Fetching all films
2026-07-13 20:26:57 - routers.books - INFO - Retrieved 1 books
2026-07-13 20:26:57 - routers.films - INFO - Retrieved 1 films
2026-07-13 20:26:57 - routers.books - INFO - Fetching all books
2026-07-13 20:26:57 - routers.films - INFO - Fetching all films
2026-07-13 20:26:57 - routers.books - INFO - Retrieved 1 books
2026-07-13 20:26:57 - routers.films - INFO - Retrieved 1 films
2026-07-13 20:26:57 - routers.books - INFO - Fetching all books
2026-07-13 20:26:57 - routers.books - INFO - Retrieved 1 books
2026-07-13 20:26:57 - routers.films - INFO - Fetching all films
2026-07-13 20:26:57 - routers.films - INFO - Retrieved 1 films
2026-07-13 20:26:57 - routers.books - INFO - Fetching all books
2026-07-13 20:26:57 - routers.films - INFO - Fetching all films
2026-07-13 20:26:57 - routers.books - INFO - Retrieved 1 books
2026-07-13 20:26:57 - routers.films - INFO - Retrieved 1 films
2026-07-13 20:27:45 - database - INFO - Initializing database engine with URL: sqlite:///./shelf.db
2026-07-13 20:27:45 - main - INFO - Initializing database tables...
2026-07-13 20:27:45 - main - INFO - Database tables initialized successfully
2026-07-13 20:27:45 - main - INFO - FastAPI application created: Shelf - Personal library tracker
2026-07-13 20:27:45 - main - INFO - All API routes registered successfully
2026-07-13 20:27:45 - main - INFO - React frontend found at /Users/benbarlow/projects/shelf/shelf-client/dist, mounting static files
2026-07-13 20:28:13 - database - INFO - Initializing database engine with URL: sqlite:///./shelf.db
2026-07-13 20:28:13 - main - INFO - Initializing database tables...
2026-07-13 20:28:13 - main - INFO - Database tables initialized successfully
2026-07-13 20:28:13 - main - INFO - FastAPI application created: Shelf - Personal library tracker
2026-07-13 20:28:13 - main - INFO - All API routes registered successfully
2026-07-13 20:28:13 - main - INFO - React frontend found at /Users/benbarlow/projects/shelf/shelf-client/dist, mounting static files
2026-07-13 20:28:34 - database - INFO - Initializing database engine with URL: sqlite:///./shelf.db
2026-07-13 20:28:34 - main - INFO - Initializing database tables...
2026-07-13 20:28:34 - main - INFO - Database tables initialized successfully
2026-07-13 20:28:34 - main - INFO - FastAPI application created: Shelf - Personal library tracker
2026-07-13 20:28:34 - main - INFO - All API routes registered successfully
2026-07-13 20:28:34 - main - INFO - React frontend found at /Users/benbarlow/projects/shelf/shelf-client/dist, mounting static files
2026-07-13 20:29:50 - database - INFO - Initializing database engine with URL: sqlite:///./shelf.db
2026-07-13 20:29:50 - main - INFO - Initializing database tables...
2026-07-13 20:29:50 - main - INFO - Database tables initialized successfully
2026-07-13 20:29:50 - main - INFO - FastAPI application created: Shelf - Personal library tracker
2026-07-13 20:29:50 - main - INFO - All API routes registered successfully
2026-07-13 20:29:50 - main - INFO - React frontend found at /Users/benbarlow/projects/shelf/shelf-client/dist, mounting static files
